centreon/plugins/script.pm
Pod/Find.pm
parent.pm
vars.pm
Encode/Config.pm
Pod/Usage.pm
overloading.pm
Exporter/Heavy.pm
File/Find.pm
Pod/Escapes.pm
File/Spec.pm
Scalar/Util.pm
Cwd.pm
centreon/plugins/output.pm
File/Spec/Unix.pm
warnings/register.pm
Carp.pm
Encode/MIME/Name.pm
Config.pm
Storable.pm
overload.pm
Pod/Simple/LinkSection.pm
integer.pm
Encode.pm
bytes.pm
File/Basename.pm
List/Util.pm
Encode/Alias.pm
Pod/Simple.pm
FindBin.pm
Encode/Encoding.pm
Exporter.pm
Pod/Simple/BlackBox.pm
centreon/plugins/misc.pm
Fcntl.pm
constant.pm
Pod/Text.pm
utf8.pm
lib.pm
